pos[path[0]][i]+cost[path[0]]+1 = 1
vt = 0
path[i] = 3
vt = 2
path[i] = 0
vt = 0
path[i] = 1
vt = 0
path[i] = 1
vt = 3
path[i] = 0
vt = 0
path[i] = 1
vt = 4
path[i] = 0
vt = 4
path[i] = 0
ans = 539607198
pos[path[0]][i]+cost[path[0]]+1 = 2
vt = 0
path[i] = 3
vt = 2
path[i] = 0
vt = 0
path[i] = 1
vt = 0
path[i] = 1
vt = 3
path[i] = 0
vt = 0
path[i] = 1
vt = 4
path[i] = 0
vt = 4
path[i] = 0
ans = 79214389
pos[path[0]][i]+cost[path[0]]+1 = 5
vt = 2
path[i] = 3
vt = 4
path[i] = 0
vt = 4
path[i] = 0
ans = 259083454
pos[path[0]][i]+cost[path[0]]+1 = 7
vt = 3
path[i] = 3
vt = 4
path[i] = 0
ans = 438952519
438952519